<?xml version="1.0" encoding="UTF-8"?>
<robot generator="Robot 7.4.2 (Python 3.14.7 on darwin)" generated="2026-09-07T12:03:28.180826" rpa="false" schemaversion="5">
<suite id="s1" name="Login Test &amp; Checkout Test &amp; Price Test">
<suite id="s1-s1" name="Login Test" source="/Volumes/My Drive/Learning/QA/qa-automation-python/qa-automation-robotframework/login_test.robot">
<test id="s1-s1-t1" name="Login With Valid Credentials" line="5">
<kw name="Open Saucedemo And Login" owner="common">
<kw name="Open Saucedemo" owner="common">
<if>
<branch type="IF" condition="'${HEADLESS}' == 'True'">
<kw name="Open Browser" owner="SeleniumLibrary">
<arg>${URL}</arg>
<arg>${BROWSER}</arg>
<arg>options=add_argument("--headless=new");add_argument("--disable-gpu")</arg>
<doc>Opens a new browser instance to the optional ``url``.</doc>
<status status="NOT RUN" start="2026-09-07T12:03:28.349531" elapsed="0.000039"/>
</kw>
<status status="NOT RUN" start="2026-09-07T12:03:28.348289" elapsed="0.001332"/>
</branch>
<branch type="ELSE">
<kw name="Open Browser" owner="SeleniumLibrary">
<msg time="2026-09-07T12:03:28.350389" level="INFO">Opening browser 'chrome' to base url 'https://www.saucedemo.com'.</msg>
<arg>${URL}</arg>
<arg>${BROWSER}</arg>
<doc>Opens a new browser instance to the optional ``url``.</doc>
<status status="PASS" start="2026-09-07T12:03:28.349932" elapsed="1.690475"/>
</kw>
<status status="PASS" start="2026-09-07T12:03:28.349655" elapsed="1.690942"/>
</branch>
<status status="PASS" start="2026-09-07T12:03:28.348263" elapsed="1.692393"/>
</if>
<kw name="Set Selenium Timeout" owner="SeleniumLibrary">
<arg>10s</arg>
<doc>Sets the timeout that is used by various keywords.</doc>
<status status="PASS" start="2026-09-07T12:03:30.040934" elapsed="0.000736"/>
</kw>
<status status="PASS" start="2026-09-07T12:03:28.347495" elapsed="1.694249"/>
</kw>
<kw name="Wait Until Element Is Visible" owner="SeleniumLibrary">
<arg>id=user-name</arg>
<doc>Waits until the element ``locator`` is visible.</doc>
<status status="PASS" start="2026-09-07T12:03:30.041814" elapsed="0.011095"/>
</kw>
<kw name="Input Text" owner="SeleniumLibrary">
<msg time="2026-09-07T12:03:30.053228" level="INFO">Typing text 'standard_user' into text field 'id=user-name'.</msg>
<arg>id=user-name</arg>
<arg>${VALID_USERNAME}</arg>
<doc>Types the given ``text`` into the text field identified by ``locator``.</doc>
<status status="PASS" start="2026-09-07T12:03:30.053025" elapsed="0.120939"/>
</kw>
<kw name="Input Text" owner="SeleniumLibrary">
<msg time="2026-09-07T12:03:30.174350" level="INFO">Typing text 'secret_sauce' into text field 'id=password'.</msg>
<arg>id=password</arg>
<arg>${VALID_PASSWORD}</arg>
<doc>Types the given ``text`` into the text field identified by ``locator``.</doc>
<status status="PASS" start="2026-09-07T12:03:30.174116" elapsed="0.035396"/>
</kw>
<kw name="Click Element Via JS" owner="common">
<kw name="Execute Javascript" owner="SeleniumLibrary">
<msg time="2026-09-07T12:03:30.209989" level="INFO">Executing JavaScript:
document.querySelector('#login-button').click();
Without any arguments.</msg>
<arg>document.querySelector('${css_selector}').click();</arg>
<doc>Executes the given JavaScript code with possible arguments.</doc>
<status status="PASS" start="2026-09-07T12:03:30.209876" elapsed="0.031779"/>
</kw>
<arg>\#login-button</arg>
<status status="PASS" start="2026-09-07T12:03:30.209683" elapsed="0.032055"/>
</kw>
<kw name="Wait Until Location Contains" owner="SeleniumLibrary">
<arg>inventory</arg>
<doc>Waits until the current URL contains ``expected``.</doc>
<status status="PASS" start="2026-09-07T12:03:30.241819" elapsed="0.002232"/>
</kw>
<status status="PASS" start="2026-09-07T12:03:28.346901" elapsed="1.897223"/>
</kw>
<kw name="Close Browser" owner="SeleniumLibrary" type="TEARDOWN">
<doc>Closes the current browser.</doc>
<status status="PASS" start="2026-09-07T12:03:30.244419" elapsed="0.081817"/>
</kw>
<tag>login</tag>
<tag>smoke</tag>
<status status="PASS" start="2026-09-07T12:03:28.345232" elapsed="1.981142"/>
</test>
<test id="s1-s1-t2" name="Login With Invalid Credentials Shows Error" line="10">
<kw name="Open Saucedemo" owner="common">
<if>
<branch type="IF" condition="'${HEADLESS}' == 'True'">
<kw name="Open Browser" owner="SeleniumLibrary">
<arg>${URL}</arg>
<arg>${BROWSER}</arg>
<arg>options=add_argument("--headless=new");add_argument("--disable-gpu")</arg>
<doc>Opens a new browser instance to the optional ``url``.</doc>
<status status="NOT RUN" start="2026-09-07T12:03:30.327162" elapsed="0.000017"/>
</kw>
<status status="NOT RUN" start="2026-09-07T12:03:30.327011" elapsed="0.000195"/>
</branch>
<branch type="ELSE">
<kw name="Open Browser" owner="SeleniumLibrary">
<msg time="2026-09-07T12:03:30.327410" level="INFO">Opening browser 'chrome' to base url 'https://www.saucedemo.com'.</msg>
<arg>${URL}</arg>
<arg>${BROWSER}</arg>
<doc>Opens a new browser instance to the optional ``url``.</doc>
<status status="PASS" start="2026-09-07T12:03:30.327280" elapsed="1.105426"/>
</kw>
<status status="PASS" start="2026-09-07T12:03:30.327227" elapsed="1.105628"/>
</branch>
<status status="PASS" start="2026-09-07T12:03:30.326996" elapsed="1.105898"/>
</if>
<kw name="Set Selenium Timeout" owner="SeleniumLibrary">
<arg>10s</arg>
<doc>Sets the timeout that is used by various keywords.</doc>
<status status="PASS" start="2026-09-07T12:03:31.438164" elapsed="0.016426"/>
</kw>
<status status="PASS" start="2026-09-07T12:03:30.326887" elapsed="1.127838"/>
</kw>
<kw name="Input Text" owner="SeleniumLibrary">
<msg time="2026-09-07T12:03:31.455370" level="INFO">Typing text 'invalid_user' into text field 'id=user-name'.</msg>
<arg>id=user-name</arg>
<arg>invalid_user</arg>
<doc>Types the given ``text`` into the text field identified by ``locator``.</doc>
<status status="PASS" start="2026-09-07T12:03:31.455106" elapsed="0.169788"/>
</kw>
<kw name="Input Text" owner="SeleniumLibrary">
<msg time="2026-09-07T12:03:31.625441" level="INFO">Typing text 'wrong_password' into text field 'id=password'.</msg>
<arg>id=password</arg>
<arg>wrong_password</arg>
<doc>Types the given ``text`` into the text field identified by ``locator``.</doc>
<status status="PASS" start="2026-09-07T12:03:31.625229" elapsed="0.045345"/>
</kw>
<kw name="Click Button" owner="SeleniumLibrary">
<msg time="2026-09-07T12:03:31.671304" level="INFO">Clicking button 'id=login-button'.</msg>
<arg>id=login-button</arg>
<doc>Clicks the button identified by ``locator``.</doc>
<status status="PASS" start="2026-09-07T12:03:31.670858" elapsed="0.056669"/>
</kw>
<kw name="Element Should Be Visible" owner="SeleniumLibrary">
<msg time="2026-09-07T12:03:31.736656" level="INFO">Element 'css=.error-message-container' is displayed.</msg>
<arg>css=.error-message-container</arg>
<doc>Verifies that the element identified by ``locator`` is visible.</doc>
<status status="PASS" start="2026-09-07T12:03:31.727685" elapsed="0.009029"/>
</kw>
<kw name="Close Browser" owner="SeleniumLibrary" type="TEARDOWN">
<doc>Closes the current browser.</doc>
<status status="PASS" start="2026-09-07T12:03:31.736933" elapsed="0.079443"/>
</kw>
<tag>login</tag>
<tag>regression</tag>
<status status="PASS" start="2026-09-07T12:03:30.326610" elapsed="1.489854"/>
</test>
<status status="PASS" start="2026-09-07T12:03:28.202351" elapsed="3.614475"/>
</suite>
<suite id="s1-s2" name="Checkout Test" source="/Volumes/My Drive/Learning/QA/qa-automation-python/qa-automation-robotframework/checkout_test.robot">
<test id="s1-s2-t1" name="Complete A Checkout Successfully" line="5">
<kw name="Open Saucedemo And Login" owner="common">
<kw name="Open Saucedemo" owner="common">
<if>
<branch type="IF" condition="'${HEADLESS}' == 'True'">
<kw name="Open Browser" owner="SeleniumLibrary">
<arg>${URL}</arg>
<arg>${BROWSER}</arg>
<arg>options=add_argument("--headless=new");add_argument("--disable-gpu")</arg>
<doc>Opens a new browser instance to the optional ``url``.</doc>
<status status="NOT RUN" start="2026-09-07T12:03:31.825781" elapsed="0.000017"/>
</kw>
<status status="NOT RUN" start="2026-09-07T12:03:31.825633" elapsed="0.000200"/>
</branch>
<branch type="ELSE">
<kw name="Open Browser" owner="SeleniumLibrary">
<msg time="2026-09-07T12:03:31.826040" level="INFO">Opening browser 'chrome' to base url 'https://www.saucedemo.com'.</msg>
<arg>${URL}</arg>
<arg>${BROWSER}</arg>
<doc>Opens a new browser instance to the optional ``url``.</doc>
<status status="PASS" start="2026-09-07T12:03:31.825903" elapsed="1.027914"/>
</kw>
<status status="PASS" start="2026-09-07T12:03:31.825853" elapsed="1.028415"/>
</branch>
<status status="PASS" start="2026-09-07T12:03:31.825619" elapsed="1.028844"/>
</if>
<kw name="Set Selenium Timeout" owner="SeleniumLibrary">
<arg>10s</arg>
<doc>Sets the timeout that is used by various keywords.</doc>
<status status="PASS" start="2026-09-07T12:03:32.854925" elapsed="0.000901"/>
</kw>
<status status="PASS" start="2026-09-07T12:03:31.825506" elapsed="1.030506"/>
</kw>
<kw name="Wait Until Element Is Visible" owner="SeleniumLibrary">
<arg>id=user-name</arg>
<doc>Waits until the element ``locator`` is visible.</doc>
<status status="PASS" start="2026-09-07T12:03:32.856123" elapsed="0.008256"/>
</kw>
<kw name="Input Text" owner="SeleniumLibrary">
<msg time="2026-09-07T12:03:32.864708" level="INFO">Typing text 'standard_user' into text field 'id=user-name'.</msg>
<arg>id=user-name</arg>
<arg>${VALID_USERNAME}</arg>
<doc>Types the given ``text`` into the text field identified by ``locator``.</doc>
<status status="PASS" start="2026-09-07T12:03:32.864502" elapsed="0.094754"/>
</kw>
<kw name="Input Text" owner="SeleniumLibrary">
<msg time="2026-09-07T12:03:32.959565" level="INFO">Typing text 'secret_sauce' into text field 'id=password'.</msg>
<arg>id=password</arg>
<arg>${VALID_PASSWORD}</arg>
<doc>Types the given ``text`` into the text field identified by ``locator``.</doc>
<status status="PASS" start="2026-09-07T12:03:32.959377" elapsed="0.033478"/>
</kw>
<kw name="Click Element Via JS" owner="common">
<kw name="Execute Javascript" owner="SeleniumLibrary">
<msg time="2026-09-07T12:03:32.993370" level="INFO">Executing JavaScript:
document.querySelector('#login-button').click();
Without any arguments.</msg>
<arg>document.querySelector('${css_selector}').click();</arg>
<doc>Executes the given JavaScript code with possible arguments.</doc>
<status status="PASS" start="2026-09-07T12:03:32.993253" elapsed="0.025679"/>
</kw>
<arg>\#login-button</arg>
<status status="PASS" start="2026-09-07T12:03:32.993043" elapsed="0.025962"/>
</kw>
<kw name="Wait Until Location Contains" owner="SeleniumLibrary">
<arg>inventory</arg>
<doc>Waits until the current URL contains ``expected``.</doc>
<status status="PASS" start="2026-09-07T12:03:33.019087" elapsed="0.003483"/>
</kw>
<status status="PASS" start="2026-09-07T12:03:31.818547" elapsed="1.204576"/>
</kw>
<kw name="Add Backpack To Cart And Go To Cart" owner="common">
<kw name="Wait Until Element Is Visible" owner="SeleniumLibrary">
<arg>css=[data-test="add-to-cart-sauce-labs-backpack"]</arg>
<doc>Waits until the element ``locator`` is visible.</doc>
<status status="PASS" start="2026-09-07T12:03:33.023634" elapsed="0.016770"/>
</kw>
<kw name="Click Element Via JS" owner="common">
<kw name="Execute Javascript" owner="SeleniumLibrary">
<msg time="2026-09-07T12:03:33.040995" level="INFO">Executing JavaScript:
document.querySelector('[data-test="add-to-cart-sauce-labs-backpack"]').click();
Without any arguments.</msg>
<arg>document.querySelector('${css_selector}').click();</arg>
<doc>Executes the given JavaScript code with possible arguments.</doc>
<status status="PASS" start="2026-09-07T12:03:33.040880" elapsed="0.004031"/>
</kw>
<arg>[data-test="add-to-cart-sauce-labs-backpack"]</arg>
<status status="PASS" start="2026-09-07T12:03:33.040614" elapsed="0.004383"/>
</kw>
<kw name="Wait Until Element Is Visible" owner="SeleniumLibrary">
<arg>css=.shopping_cart_link</arg>
<doc>Waits until the element ``locator`` is visible.</doc>
<status status="PASS" start="2026-09-07T12:03:33.045087" elapsed="0.006906"/>
</kw>
<kw name="Click Element Via JS" owner="common">
<kw name="Execute Javascript" owner="SeleniumLibrary">
<msg time="2026-09-07T12:03:33.052362" level="INFO">Executing JavaScript:
document.querySelector('.shopping_cart_link').click();
Without any arguments.</msg>
<arg>document.querySelector('${css_selector}').click();</arg>
<doc>Executes the given JavaScript code with possible arguments.</doc>
<status status="PASS" start="2026-09-07T12:03:33.052271" elapsed="0.007185"/>
</kw>
<arg>.shopping_cart_link</arg>
<status status="PASS" start="2026-09-07T12:03:33.052121" elapsed="0.007410"/>
</kw>
<kw name="Wait Until Element Is Visible" owner="SeleniumLibrary">
<arg>css=.checkout_button</arg>
<doc>Waits until the element ``locator`` is visible.</doc>
<status status="PASS" start="2026-09-07T12:03:33.059653" elapsed="0.006703"/>
</kw>
<status status="PASS" start="2026-09-07T12:03:33.023470" elapsed="0.042953"/>
</kw>
<kw name="Complete Checkout" owner="common">
<kw name="Click Element Via JS" owner="common">
<kw name="Execute Javascript" owner="SeleniumLibrary">
<msg time="2026-09-07T12:03:33.066974" level="INFO">Executing JavaScript:
document.querySelector('.checkout_button').click();
Without any arguments.</msg>
<arg>document.querySelector('${css_selector}').click();</arg>
<doc>Executes the given JavaScript code with possible arguments.</doc>
<status status="PASS" start="2026-09-07T12:03:33.066880" elapsed="0.005592"/>
</kw>
<arg>.checkout_button</arg>
<status status="PASS" start="2026-09-07T12:03:33.066770" elapsed="0.005778"/>
</kw>
<kw name="Wait Until Element Is Visible" owner="SeleniumLibrary">
<arg>id=first-name</arg>
<doc>Waits until the element ``locator`` is visible.</doc>
<status status="PASS" start="2026-09-07T12:03:33.072645" elapsed="0.006227"/>
</kw>
<kw name="Input Text" owner="SeleniumLibrary">
<msg time="2026-09-07T12:03:33.079142" level="INFO">Typing text 'Bishal' into text field 'id=first-name'.</msg>
<arg>id=first-name</arg>
<arg>${first_name}</arg>
<doc>Types the given ``text`` into the text field identified by ``locator``.</doc>
<status status="PASS" start="2026-09-07T12:03:33.078979" elapsed="0.042716"/>
</kw>
<kw name="Input Text" owner="SeleniumLibrary">
<msg time="2026-09-07T12:03:33.122074" level="INFO">Typing text 'Thapaliya' into text field 'id=last-name'.</msg>
<arg>id=last-name</arg>
<arg>${last_name}</arg>
<doc>Types the given ``text`` into the text field identified by ``locator``.</doc>
<status status="PASS" start="2026-09-07T12:03:33.121830" elapsed="0.029250"/>
</kw>
<kw name="Input Text" owner="SeleniumLibrary">
<msg time="2026-09-07T12:03:33.151349" level="INFO">Typing text '38000' into text field 'id=postal-code'.</msg>
<arg>id=postal-code</arg>
<arg>${zip}</arg>
<doc>Types the given ``text`` into the text field identified by ``locator``.</doc>
<status status="PASS" start="2026-09-07T12:03:33.151189" elapsed="0.026845"/>
</kw>
<kw name="Get Value" owner="SeleniumLibrary">
<msg time="2026-09-07T12:03:33.183396" level="INFO">${filled_zip} = 38000</msg>
<var>${filled_zip}</var>
<arg>id=postal-code</arg>
<doc>Returns the value attribute of the element identified by ``locator``.</doc>
<status status="PASS" start="2026-09-07T12:03:33.178158" elapsed="0.005261"/>
</kw>
<kw name="Log" owner="BuiltIn">
<msg time="2026-09-07T12:03:33.183765" level="INFO">Value acutally in postal-code field before clicking continue Continue: 38000</msg>
<arg>Value acutally in postal-code field before clicking continue Continue: ${filled_zip}</arg>
<doc>Logs the given message with the given level.</doc>
<status status="PASS" start="2026-09-07T12:03:33.183506" elapsed="0.000283"/>
</kw>
<kw name="Click Element" owner="SeleniumLibrary">
<msg time="2026-09-07T12:03:33.183944" level="INFO">Clicking element 'id=continue'.</msg>
<arg>id=continue</arg>
<doc>Click the element identified by ``locator``.</doc>
<status status="PASS" start="2026-09-07T12:03:33.183848" elapsed="0.039029"/>
</kw>
<kw name="Wait Until Element Is Visible" owner="SeleniumLibrary">
<arg>id=finish</arg>
<doc>Waits until the element ``locator`` is visible.</doc>
<status status="PASS" start="2026-09-07T12:03:33.223004" elapsed="0.006021"/>
</kw>
<kw name="Click Element" owner="SeleniumLibrary">
<msg time="2026-09-07T12:03:33.229287" level="INFO">Clicking element 'id=finish'.</msg>
<arg>id=finish</arg>
<doc>Click the element identified by ``locator``.</doc>
<status status="PASS" start="2026-09-07T12:03:33.229139" elapsed="0.021519"/>
</kw>
<arg>Bishal</arg>
<arg>Thapaliya</arg>
<arg>38000</arg>
<status status="PASS" start="2026-09-07T12:03:33.066586" elapsed="0.184145"/>
</kw>
<kw name="Wait Until Element Is Visible" owner="SeleniumLibrary">
<arg>css=.complete-header</arg>
<doc>Waits until the element ``locator`` is visible.</doc>
<status status="PASS" start="2026-09-07T12:03:33.250864" elapsed="0.007171"/>
</kw>
<kw name="Element Should Contain" owner="SeleniumLibrary">
<msg time="2026-09-07T12:03:33.266476" level="INFO">Element 'css=.complete-header' contains text 'Thank you for your order!'.</msg>
<arg>css=.complete-header</arg>
<arg>Thank you for your order!</arg>
<doc>Verifies that element ``locator`` contains text ``expected``.</doc>
<status status="PASS" start="2026-09-07T12:03:33.258197" elapsed="0.008340"/>
</kw>
<kw name="Close Browser" owner="SeleniumLibrary" type="TEARDOWN">
<doc>Closes the current browser.</doc>
<status status="PASS" start="2026-09-07T12:03:33.266727" elapsed="0.076202"/>
</kw>
<tag>checkout</tag>
<tag>smoke</tag>
<status status="PASS" start="2026-09-07T12:03:31.818335" elapsed="1.524677"/>
</test>
<status status="PASS" start="2026-09-07T12:03:31.817169" elapsed="1.526060"/>
</suite>
<suite id="s1-s3" name="Price Test" source="/Volumes/My Drive/Learning/QA/qa-automation-python/qa-automation-robotframework/price_test.robot">
<test id="s1-s3-t1" name="Cart Total Should Match Sum Of Item Prices" line="6">
<kw name="Open Saucedemo And Login" owner="common">
<kw name="Open Saucedemo" owner="common">
<if>
<branch type="IF" condition="'${HEADLESS}' == 'True'">
<kw name="Open Browser" owner="SeleniumLibrary">
<arg>${URL}</arg>
<arg>${BROWSER}</arg>
<arg>options=add_argument("--headless=new");add_argument("--disable-gpu")</arg>
<doc>Opens a new browser instance to the optional ``url``.</doc>
<status status="NOT RUN" start="2026-09-07T12:03:33.346451" elapsed="0.000016"/>
</kw>
<status status="NOT RUN" start="2026-09-07T12:03:33.346331" elapsed="0.000164"/>
</branch>
<branch type="ELSE">
<kw name="Open Browser" owner="SeleniumLibrary">
<msg time="2026-09-07T12:03:33.346677" level="INFO">Opening browser 'chrome' to base url 'https://www.saucedemo.com'.</msg>
<arg>${URL}</arg>
<arg>${BROWSER}</arg>
<doc>Opens a new browser instance to the optional ``url``.</doc>
<status status="PASS" start="2026-09-07T12:03:33.346567" elapsed="1.182953"/>
</kw>
<status status="PASS" start="2026-09-07T12:03:33.346515" elapsed="1.183153"/>
</branch>
<status status="PASS" start="2026-09-07T12:03:33.346318" elapsed="1.183385"/>
</if>
<kw name="Set Selenium Timeout" owner="SeleniumLibrary">
<arg>10s</arg>
<doc>Sets the timeout that is used by various keywords.</doc>
<status status="PASS" start="2026-09-07T12:03:34.529925" elapsed="0.000798"/>
</kw>
<status status="PASS" start="2026-09-07T12:03:33.346247" elapsed="1.184538"/>
</kw>
<kw name="Wait Until Element Is Visible" owner="SeleniumLibrary">
<arg>id=user-name</arg>
<doc>Waits until the element ``locator`` is visible.</doc>
<status status="PASS" start="2026-09-07T12:03:34.530856" elapsed="0.008210"/>
</kw>
<kw name="Input Text" owner="SeleniumLibrary">
<msg time="2026-09-07T12:03:34.539380" level="INFO">Typing text 'standard_user' into text field 'id=user-name'.</msg>
<arg>id=user-name</arg>
<arg>${VALID_USERNAME}</arg>
<doc>Types the given ``text`` into the text field identified by ``locator``.</doc>
<status status="PASS" start="2026-09-07T12:03:34.539188" elapsed="0.093109"/>
</kw>
<kw name="Input Text" owner="SeleniumLibrary">
<msg time="2026-09-07T12:03:34.632625" level="INFO">Typing text 'secret_sauce' into text field 'id=password'.</msg>
<arg>id=password</arg>
<arg>${VALID_PASSWORD}</arg>
<doc>Types the given ``text`` into the text field identified by ``locator``.</doc>
<status status="PASS" start="2026-09-07T12:03:34.632424" elapsed="0.035540"/>
</kw>
<kw name="Click Element Via JS" owner="common">
<kw name="Execute Javascript" owner="SeleniumLibrary">
<msg time="2026-09-07T12:03:34.668437" level="INFO">Executing JavaScript:
document.querySelector('#login-button').click();
Without any arguments.</msg>
<arg>document.querySelector('${css_selector}').click();</arg>
<doc>Executes the given JavaScript code with possible arguments.</doc>
<status status="PASS" start="2026-09-07T12:03:34.668338" elapsed="0.026509"/>
</kw>
<arg>\#login-button</arg>
<status status="PASS" start="2026-09-07T12:03:34.668141" elapsed="0.026809"/>
</kw>
<kw name="Wait Until Location Contains" owner="SeleniumLibrary">
<arg>inventory</arg>
<doc>Waits until the current URL contains ``expected``.</doc>
<status status="PASS" start="2026-09-07T12:03:34.695183" elapsed="0.012952"/>
</kw>
<status status="PASS" start="2026-09-07T12:03:33.346096" elapsed="1.362108"/>
</kw>
<kw name="Wait Until Element Is Visible" owner="SeleniumLibrary">
<arg>css=[data-test="add-to-cart-sauce-labs-backpack"]</arg>
<doc>Waits until the element ``locator`` is visible.</doc>
<status status="PASS" start="2026-09-07T12:03:34.708373" elapsed="0.006351"/>
</kw>
<kw name="Click Element Via JS" owner="common">
<kw name="Execute Javascript" owner="SeleniumLibrary">
<msg time="2026-09-07T12:03:34.715257" level="INFO">Executing JavaScript:
document.querySelector('[data-test="add-to-cart-sauce-labs-backpack"]').click();
Without any arguments.</msg>
<arg>document.querySelector('${css_selector}').click();</arg>
<doc>Executes the given JavaScript code with possible arguments.</doc>
<status status="PASS" start="2026-09-07T12:03:34.715127" elapsed="0.003902"/>
</kw>
<arg>[data-test="add-to-cart-sauce-labs-backpack"]</arg>
<status status="PASS" start="2026-09-07T12:03:34.714933" elapsed="0.004167"/>
</kw>
<kw name="Wait Until Element Is Visible" owner="SeleniumLibrary">
<arg>css=[data-test="add-to-cart-sauce-labs-bike-light"]</arg>
<doc>Waits until the element ``locator`` is visible.</doc>
<status status="PASS" start="2026-09-07T12:03:34.719221" elapsed="0.008617"/>
</kw>
<kw name="Click Element Via JS" owner="common">
<kw name="Execute Javascript" owner="SeleniumLibrary">
<msg time="2026-09-07T12:03:34.728331" level="INFO">Executing JavaScript:
document.querySelector('[data-test="add-to-cart-sauce-labs-bike-light"]').click();
Without any arguments.</msg>
<arg>document.querySelector('${css_selector}').click();</arg>
<doc>Executes the given JavaScript code with possible arguments.</doc>
<status status="PASS" start="2026-09-07T12:03:34.728234" elapsed="0.003700"/>
</kw>
<arg>[data-test="add-to-cart-sauce-labs-bike-light"]</arg>
<status status="PASS" start="2026-09-07T12:03:34.728058" elapsed="0.003949"/>
</kw>
<kw name="Wait Until Element Is Visible" owner="SeleniumLibrary">
<arg>css=.shopping_cart_link</arg>
<doc>Waits until the element ``locator`` is visible.</doc>
<status status="PASS" start="2026-09-07T12:03:34.732123" elapsed="0.007298"/>
</kw>
<kw name="Click Element Via JS" owner="common">
<kw name="Execute Javascript" owner="SeleniumLibrary">
<msg time="2026-09-07T12:03:34.740512" level="INFO">Executing JavaScript:
document.querySelector('.shopping_cart_link').click();
Without any arguments.</msg>
<arg>document.querySelector('${css_selector}').click();</arg>
<doc>Executes the given JavaScript code with possible arguments.</doc>
<status status="PASS" start="2026-09-07T12:03:34.740407" elapsed="0.005514"/>
</kw>
<arg>.shopping_cart_link</arg>
<status status="PASS" start="2026-09-07T12:03:34.740194" elapsed="0.005812"/>
</kw>
<kw name="Wait Until Element Is Visible" owner="SeleniumLibrary">
<arg>css=.checkout_button</arg>
<doc>Waits until the element ``locator`` is visible.</doc>
<status status="PASS" start="2026-09-07T12:03:34.746200" elapsed="0.009838"/>
</kw>
<kw name="Get Item Prices On Cart Page" owner="price_utils">
<msg time="2026-09-07T12:03:34.767675" level="INFO">@{item_prices} = [ $29.99 | $9.99 ]</msg>
<var>@{item_prices}</var>
<doc>Returns the text of every element matching the item price locator on the current page</doc>
<status status="PASS" start="2026-09-07T12:03:34.756210" elapsed="0.011493"/>
</kw>
<kw name="Sum Prices" owner="price_utils">
<msg time="2026-09-07T12:03:34.767990" level="INFO">${expected_total} = 39.98</msg>
<var>${expected_total}</var>
<arg>${item_prices}</arg>
<doc>Takes a list of price strings like ['$29.99', '$9.99'] and returns their total</doc>
<status status="PASS" start="2026-09-07T12:03:34.767865" elapsed="0.000140"/>
</kw>
<kw name="Log" owner="BuiltIn">
<msg time="2026-09-07T12:03:34.768286" level="INFO">Expected total based on individual item prices: 39.98</msg>
<arg>Expected total based on individual item prices: ${expected_total}</arg>
<doc>Logs the given message with the given level.</doc>
<status status="PASS" start="2026-09-07T12:03:34.768076" elapsed="0.000235"/>
</kw>
<kw name="Should Be Equal As Numbers" owner="BuiltIn">
<msg time="2026-09-07T12:03:34.768504" level="INFO">Argument types are:
&lt;class 'float'&gt;
&lt;class 'str'&gt;</msg>
<arg>${expected_total}</arg>
<arg>39.98</arg>
<doc>Fails if objects are unequal after converting them to real numbers.</doc>
<status status="PASS" start="2026-09-07T12:03:34.768382" elapsed="0.000160"/>
</kw>
<kw name="Close Browser" owner="SeleniumLibrary" type="TEARDOWN">
<doc>Closes the current browser.</doc>
<status status="PASS" start="2026-09-07T12:03:34.768734" elapsed="0.076790"/>
</kw>
<tag>checkout</tag>
<tag>smoke</tag>
<status status="PASS" start="2026-09-07T12:03:33.345879" elapsed="1.499739"/>
</test>
<test id="s1-s3-t2" name="Cart Total Should Match Sum Of Three Item Prices" line="25">
<kw name="Open Saucedemo And Login" owner="common">
<kw name="Open Saucedemo" owner="common">
<if>
<branch type="IF" condition="'${HEADLESS}' == 'True'">
<kw name="Open Browser" owner="SeleniumLibrary">
<arg>${URL}</arg>
<arg>${BROWSER}</arg>
<arg>options=add_argument("--headless=new");add_argument("--disable-gpu")</arg>
<doc>Opens a new browser instance to the optional ``url``.</doc>
<status status="NOT RUN" start="2026-09-07T12:03:34.852035" elapsed="0.000053"/>
</kw>
<status status="NOT RUN" start="2026-09-07T12:03:34.846469" elapsed="0.005658"/>
</branch>
<branch type="ELSE">
<kw name="Open Browser" owner="SeleniumLibrary">
<msg time="2026-09-07T12:03:34.852399" level="INFO">Opening browser 'chrome' to base url 'https://www.saucedemo.com'.</msg>
<arg>${URL}</arg>
<arg>${BROWSER}</arg>
<doc>Opens a new browser instance to the optional ``url``.</doc>
<status status="PASS" start="2026-09-07T12:03:34.852224" elapsed="1.024150"/>
</kw>
<status status="PASS" start="2026-09-07T12:03:34.852158" elapsed="1.024395"/>
</branch>
<status status="PASS" start="2026-09-07T12:03:34.846451" elapsed="1.030146"/>
</if>
<kw name="Set Selenium Timeout" owner="SeleniumLibrary">
<arg>10s</arg>
<doc>Sets the timeout that is used by various keywords.</doc>
<status status="PASS" start="2026-09-07T12:03:35.876897" elapsed="0.000758"/>
</kw>
<status status="PASS" start="2026-09-07T12:03:34.846362" elapsed="1.031355"/>
</kw>
<kw name="Wait Until Element Is Visible" owner="SeleniumLibrary">
<arg>id=user-name</arg>
<doc>Waits until the element ``locator`` is visible.</doc>
<status status="PASS" start="2026-09-07T12:03:35.877788" elapsed="0.008192"/>
</kw>
<kw name="Input Text" owner="SeleniumLibrary">
<msg time="2026-09-07T12:03:35.886300" level="INFO">Typing text 'standard_user' into text field 'id=user-name'.</msg>
<arg>id=user-name</arg>
<arg>${VALID_USERNAME}</arg>
<doc>Types the given ``text`` into the text field identified by ``locator``.</doc>
<status status="PASS" start="2026-09-07T12:03:35.886097" elapsed="0.096174"/>
</kw>
<kw name="Input Text" owner="SeleniumLibrary">
<msg time="2026-09-07T12:03:35.982626" level="INFO">Typing text 'secret_sauce' into text field 'id=password'.</msg>
<arg>id=password</arg>
<arg>${VALID_PASSWORD}</arg>
<doc>Types the given ``text`` into the text field identified by ``locator``.</doc>
<status status="PASS" start="2026-09-07T12:03:35.982400" elapsed="0.034773"/>
</kw>
<kw name="Click Element Via JS" owner="common">
<kw name="Execute Javascript" owner="SeleniumLibrary">
<msg time="2026-09-07T12:03:36.017645" level="INFO">Executing JavaScript:
document.querySelector('#login-button').click();
Without any arguments.</msg>
<arg>document.querySelector('${css_selector}').click();</arg>
<doc>Executes the given JavaScript code with possible arguments.</doc>
<status status="PASS" start="2026-09-07T12:03:36.017544" elapsed="0.025197"/>
</kw>
<arg>\#login-button</arg>
<status status="PASS" start="2026-09-07T12:03:36.017345" elapsed="0.025474"/>
</kw>
<kw name="Wait Until Location Contains" owner="SeleniumLibrary">
<arg>inventory</arg>
<doc>Waits until the current URL contains ``expected``.</doc>
<status status="PASS" start="2026-09-07T12:03:36.042905" elapsed="0.010024"/>
</kw>
<status status="PASS" start="2026-09-07T12:03:34.846174" elapsed="1.206823"/>
</kw>
<kw name="Wait Until Element Is Visible" owner="SeleniumLibrary">
<arg>css=[data-test="add-to-cart-sauce-labs-backpack"]</arg>
<doc>Waits until the element ``locator`` is visible.</doc>
<status status="PASS" start="2026-09-07T12:03:36.053141" elapsed="0.006485"/>
</kw>
<kw name="Click Element Via JS" owner="common">
<kw name="Execute Javascript" owner="SeleniumLibrary">
<msg time="2026-09-07T12:03:36.060075" level="INFO">Executing JavaScript:
document.querySelector('[data-test="add-to-cart-sauce-labs-backpack"]').click();
Without any arguments.</msg>
<arg>document.querySelector('${css_selector}').click();</arg>
<doc>Executes the given JavaScript code with possible arguments.</doc>
<status status="PASS" start="2026-09-07T12:03:36.059984" elapsed="0.003833"/>
</kw>
<arg>[data-test="add-to-cart-sauce-labs-backpack"]</arg>
<status status="PASS" start="2026-09-07T12:03:36.059817" elapsed="0.004080"/>
</kw>
<kw name="Wait Until Element Is Visible" owner="SeleniumLibrary">
<arg>css=[data-test="add-to-cart-sauce-labs-bike-light"]</arg>
<doc>Waits until the element ``locator`` is visible.</doc>
<status status="PASS" start="2026-09-07T12:03:36.064043" elapsed="0.006917"/>
</kw>
<kw name="Click Element Via JS" owner="common">
<kw name="Execute Javascript" owner="SeleniumLibrary">
<msg time="2026-09-07T12:03:36.071621" level="INFO">Executing JavaScript:
document.querySelector('[data-test="add-to-cart-sauce-labs-bike-light"]').click();
Without any arguments.</msg>
<arg>document.querySelector('${css_selector}').click();</arg>
<doc>Executes the given JavaScript code with possible arguments.</doc>
<status status="PASS" start="2026-09-07T12:03:36.071413" elapsed="0.004279"/>
</kw>
<arg>[data-test="add-to-cart-sauce-labs-bike-light"]</arg>
<status status="PASS" start="2026-09-07T12:03:36.071178" elapsed="0.004584"/>
</kw>
<kw name="Wait Until Element Is Visible" owner="SeleniumLibrary">
<arg>css=[data-test="add-to-cart-sauce-labs-bolt-t-shirt"]</arg>
<doc>Waits until the element ``locator`` is visible.</doc>
<status status="PASS" start="2026-09-07T12:03:36.075899" elapsed="0.006904"/>
</kw>
<kw name="Click Element Via JS" owner="common">
<kw name="Execute Javascript" owner="SeleniumLibrary">
<msg time="2026-09-07T12:03:36.083240" level="INFO">Executing JavaScript:
document.querySelector('[data-test="add-to-cart-sauce-labs-bolt-t-shirt"]').click();
Without any arguments.</msg>
<arg>document.querySelector('${css_selector}').click();</arg>
<doc>Executes the given JavaScript code with possible arguments.</doc>
<status status="PASS" start="2026-09-07T12:03:36.083143" elapsed="0.002553"/>
</kw>
<arg>[data-test="add-to-cart-sauce-labs-bolt-t-shirt"]</arg>
<status status="PASS" start="2026-09-07T12:03:36.082974" elapsed="0.002773"/>
</kw>
<kw name="Wait Until Element Is Visible" owner="SeleniumLibrary">
<arg>css=.shopping_cart_link</arg>
<doc>Waits until the element ``locator`` is visible.</doc>
<status status="PASS" start="2026-09-07T12:03:36.085835" elapsed="0.008486"/>
</kw>
<kw name="Click Element Via JS" owner="common">
<kw name="Execute Javascript" owner="SeleniumLibrary">
<msg time="2026-09-07T12:03:36.095055" level="INFO">Executing JavaScript:
document.querySelector('.shopping_cart_link').click();
Without any arguments.</msg>
<arg>document.querySelector('${css_selector}').click();</arg>
<doc>Executes the given JavaScript code with possible arguments.</doc>
<status status="PASS" start="2026-09-07T12:03:36.094860" elapsed="0.006672"/>
</kw>
<arg>.shopping_cart_link</arg>
<status status="PASS" start="2026-09-07T12:03:36.094508" elapsed="0.007143"/>
</kw>
<kw name="Wait Until Element Is Visible" owner="SeleniumLibrary">
<arg>css=.checkout_button</arg>
<doc>Waits until the element ``locator`` is visible.</doc>
<status status="PASS" start="2026-09-07T12:03:36.101785" elapsed="0.008123"/>
</kw>
<kw name="Get Item Prices On Cart Page" owner="price_utils">
<msg time="2026-09-07T12:03:36.125475" level="INFO">@{item_prices} = [ $29.99 | $9.99 | $15.99 ]</msg>
<var>@{item_prices}</var>
<doc>Returns the text of every element matching the item price locator on the current page</doc>
<status status="PASS" start="2026-09-07T12:03:36.110059" elapsed="0.015444"/>
</kw>
<kw name="Sum Prices" owner="price_utils">
<msg time="2026-09-07T12:03:36.125762" level="INFO">${expected_total} = 55.97</msg>
<var>${expected_total}</var>
<arg>${item_prices}</arg>
<doc>Takes a list of price strings like ['$29.99', '$9.99'] and returns their total</doc>
<status status="PASS" start="2026-09-07T12:03:36.125641" elapsed="0.000135"/>
</kw>
<kw name="Log" owner="BuiltIn">
<msg time="2026-09-07T12:03:36.126068" level="INFO">Expected total based on individual item prices: 55.97</msg>
<arg>Expected total based on individual item prices: ${expected_total}</arg>
<doc>Logs the given message with the given level.</doc>
<status status="PASS" start="2026-09-07T12:03:36.125854" elapsed="0.000236"/>
</kw>
<kw name="Should Be Equal As Numbers" owner="BuiltIn">
<msg time="2026-09-07T12:03:36.126272" level="INFO">Argument types are:
&lt;class 'float'&gt;
&lt;class 'str'&gt;</msg>
<arg>${expected_total}</arg>
<arg>55.97</arg>
<doc>Fails if objects are unequal after converting them to real numbers.</doc>
<status status="PASS" start="2026-09-07T12:03:36.126155" elapsed="0.000148"/>
</kw>
<kw name="Close Browser" owner="SeleniumLibrary" type="TEARDOWN">
<doc>Closes the current browser.</doc>
<status status="PASS" start="2026-09-07T12:03:36.126412" elapsed="0.077502"/>
</kw>
<tag>checkout</tag>
<tag>smoke</tag>
<status status="PASS" start="2026-09-07T12:03:34.845896" elapsed="1.358103"/>
</test>
<status status="PASS" start="2026-09-07T12:03:33.343475" elapsed="2.860805"/>
</suite>
<status status="PASS" start="2026-09-07T12:03:28.182568" elapsed="8.022019"/>
</suite>
<statistics>
<total>
<stat pass="5" fail="0" skip="0">All Tests</stat>
</total>
<tag>
<stat pass="3" fail="0" skip="0">checkout</stat>
<stat pass="2" fail="0" skip="0">login</stat>
<stat pass="1" fail="0" skip="0">regression</stat>
<stat pass="4" fail="0" skip="0">smoke</stat>
</tag>
<suite>
<stat name="Login Test &amp; Checkout Test &amp; Price Test" id="s1" pass="5" fail="0" skip="0">Login Test &amp; Checkout Test &amp; Price Test</stat>
<stat name="Login Test" id="s1-s1" pass="2" fail="0" skip="0">Login Test &amp; Checkout Test &amp; Price Test.Login Test</stat>
<stat name="Checkout Test" id="s1-s2" pass="1" fail="0" skip="0">Login Test &amp; Checkout Test &amp; Price Test.Checkout Test</stat>
<stat name="Price Test" id="s1-s3" pass="2" fail="0" skip="0">Login Test &amp; Checkout Test &amp; Price Test.Price Test</stat>
</suite>
</statistics>
<errors>
</errors>
</robot>
